# JRE version: OpenJDK Runtime Environment (8.0_242-b01) (build 1.8.0_242-release-1644-b01)
# Java VM: OpenJDK 64-Bit Server VM (25.242-b01 mixed mode windows-amd64 compressed oops)
Heap:
 PSYoungGen      total 358912K, used 342918K [0x00000000e0000000, 0x00000000f9a00000, 0x0000000100000000)
  eden space 333824K, 97% used [0x00000000e0000000,0x00000000f3e7c0e0,0x00000000f4600000)
  from space 25088K, 66% used [0x00000000f4600000,0x00000000f56659a0,0x00000000f5e80000)
  to   space 25600K, 0% used [0x00000000f8100000,0x00000000f8100000,0x00000000f9a00000)
 ParOldGen       total 190464K, used 32409K [0x00000000a0000000, 0x00000000aba00000, 0x00000000e0000000)
  object space 190464K, 17% used [0x00000000a0000000,0x00000000a1fa64a0,0x00000000aba00000)
 Metaspace       used 71118K, capacity 73924K, committed 74008K, reserved 1114112K
  class space    used 9222K, capacity 9985K, committed 10008K, reserved 1048576K
GC Heap History (10 events):
Event: 268.241 GC heap before
{Heap before GC invocations=16 (full 2):
 PSYoungGen      total 264704K, used 133744K [0x00000000e0000000, 0x00000000f3b00000, 0x0000000100000000)
  eden space 244736K, 47% used [0x00000000e0000000,0x00000000e71b7008,0x00000000eef00000)
  from space 19968K, 86% used [0x00000000eef00000,0x00000000effe5098,0x00000000f0280000)
  to   space 21504K, 0% used [0x00000000f2600000,0x00000000f2600000,0x00000000f3b00000)
 ParOldGen       total 136704K, used 23990K [0x00000000a0000000, 0x00000000a8580000, 0x00000000e0000000)
  object space 136704K, 17% used [0x00000000a0000000,0x00000000a176d848,0x00000000a8580000)
 Metaspace       used 57642K, capacity 59046K, committed 59160K, reserved 1101824K
  class space    used 7225K, capacity 7624K, committed 7704K, reserved 1048576K
Event: 268.280 GC heap after
Heap after GC invocations=16 (full 2):
 PSYoungGen      total 299008K, used 19406K [0x00000000e0000000, 0x00000000f5180000, 0x0000000100000000)
  eden space 277504K, 0% used [0x00000000e0000000,0x00000000e0000000,0x00000000f0f00000)
  from space 21504K, 90% used [0x00000000f2600000,0x00000000f38f3b18,0x00000000f3b00000)
  to   space 23552K, 0% used [0x00000000f0f00000,0x00000000f0f00000,0x00000000f2600000)
 ParOldGen       total 136704K, used 23990K [0x00000000a0000000, 0x00000000a8580000, 0x00000000e0000000)
  object space 136704K, 17% used [0x00000000a0000000,0x00000000a176d848,0x00000000a8580000)
 Metaspace       used 57642K, capacity 59046K, committed 59160K, reserved 1101824K
  class space    used 7225K, capacity 7624K, committed 7704K, reserved 1048576K
}
Event: 268.280 GC heap before
{Heap before GC invocations=17 (full 3):
 PSYoungGen      total 299008K, used 19406K [0x00000000e0000000, 0x00000000f5180000, 0x0000000100000000)
  eden space 277504K, 0% used [0x00000000e0000000,0x00000000e0000000,0x00000000f0f00000)
  from space 21504K, 90% used [0x00000000f2600000,0x00000000f38f3b18,0x00000000f3b00000)
  to   space 23552K, 0% used [0x00000000f0f00000,0x00000000f0f00000,0x00000000f2600000)
 ParOldGen       total 136704K, used 23990K [0x00000000a0000000, 0x00000000a8580000, 0x00000000e0000000)
  object space 136704K, 17% used [0x00000000a0000000,0x00000000a176d848,0x00000000a8580000)
 Metaspace       used 57642K, capacity 59046K, committed 59160K, reserved 1101824K
  class space    used 7225K, capacity 7624K, committed 7704K, reserved 1048576K
Event: 268.514 GC heap after
Heap after GC invocations=17 (full 3):
 PSYoungGen      total 299008K, used 0K [0x00000000e0000000, 0x00000000f5180000, 0x0000000100000000)
  eden space 277504K, 0% used [0x00000000e0000000,0x00000000e0000000,0x00000000f0f00000)
  from space 21504K, 0% used [0x00000000f2600000,0x00000000f2600000,0x00000000f3b00000)
  to   space 23552K, 0% used [0x00000000f0f00000,0x00000000f0f00000,0x00000000f2600000)
 ParOldGen       total 190464K, used 32385K [0x00000000a0000000, 0x00000000aba00000, 0x00000000e0000000)
  object space 190464K, 17% used [0x00000000a0000000,0x00000000a1fa04a0,0x00000000aba00000)
 Metaspace       used 57230K, capacity 58424K, committed 59160K, reserved 1101824K
  class space    used 7140K, capacity 7498K, committed 7704K, reserved 1048576K
}
Event: 307.818 GC heap before
{Heap before GC invocations=18 (full 3):
 PSYoungGen      total 299008K, used 277504K [0x00000000e0000000, 0x00000000f5180000, 0x0000000100000000)
  eden space 277504K, 100% used [0x00000000e0000000,0x00000000f0f00000,0x00000000f0f00000)
  from space 21504K, 0% used [0x00000000f2600000,0x00000000f2600000,0x00000000f3b00000)
  to   space 23552K, 0% used [0x00000000f0f00000,0x00000000f0f00000,0x00000000f2600000)
 ParOldGen       total 190464K, used 32385K [0x00000000a0000000, 0x00000000aba00000, 0x00000000e0000000)
  object space 190464K, 17% used [0x00000000a0000000,0x00000000a1fa04a0,0x00000000aba00000)
 Metaspace       used 65922K, capacity 68108K, committed 68248K, reserved 1107968K
  class space    used 8497K, capacity 9094K, committed 9112K, reserved 1048576K
Event: 307.840 GC heap after
Heap after GC invocations=18 (full 3):
 PSYoungGen      total 301056K, used 21239K [0x00000000e0000000, 0x00000000f8100000, 0x0000000100000000)
  eden space 277504K, 0% used [0x00000000e0000000,0x00000000e0000000,0x00000000f0f00000)
  from space 23552K, 90% used [0x00000000f0f00000,0x00000000f23bde68,0x00000000f2600000)
  to   space 25600K, 0% used [0x00000000f6800000,0x00000000f6800000,0x00000000f8100000)
 ParOldGen       total 190464K, used 32393K [0x00000000a0000000, 0x00000000aba00000, 0x00000000e0000000)
  object space 190464K, 17% used [0x00000000a0000000,0x00000000a1fa24a0,0x00000000aba00000)
 Metaspace       used 65922K, capacity 68108K, committed 68248K, reserved 1107968K
  class space    used 8497K, capacity 9094K, committed 9112K, reserved 1048576K
}
Event: 410.634 GC heap before
{Heap before GC invocations=19 (full 3):
 PSYoungGen      total 301056K, used 298743K [0x00000000e0000000, 0x00000000f8100000, 0x0000000100000000)
  eden space 277504K, 100% used [0x00000000e0000000,0x00000000f0f00000,0x00000000f0f00000)
  from space 23552K, 90% used [0x00000000f0f00000,0x00000000f23bde68,0x00000000f2600000)
  to   space 25600K, 0% used [0x00000000f6800000,0x00000000f6800000,0x00000000f8100000)
 ParOldGen       total 190464K, used 32393K [0x00000000a0000000, 0x00000000aba00000, 0x00000000e0000000)
  object space 190464K, 17% used [0x00000000a0000000,0x00000000a1fa24a0,0x00000000aba00000)
 Metaspace       used 65953K, capacity 68126K, committed 68248K, reserved 1107968K
  class space    used 8498K, capacity 9097K, committed 9112K, reserved 1048576K
Event: 410.650 GC heap after
Heap after GC invocations=19 (full 3):
 PSYoungGen      total 347648K, used 14910K [0x00000000e0000000, 0x00000000f7700000, 0x0000000100000000)
  eden space 332288K, 0% used [0x00000000e0000000,0x00000000e0000000,0x00000000f4480000)
  from space 15360K, 97% used [0x00000000f6800000,0x00000000f768f830,0x00000000f7700000)
  to   space 25088K, 0% used [0x00000000f4600000,0x00000000f4600000,0x00000000f5e80000)
 ParOldGen       total 190464K, used 32401K [0x00000000a0000000, 0x00000000aba00000, 0x00000000e0000000)
  object space 190464K, 17% used [0x00000000a0000000,0x00000000a1fa44a0,0x00000000aba00000)
 Metaspace       used 65953K, capacity 68126K, committed 68248K, reserved 1107968K
  class space    used 8498K, capacity 9097K, committed 9112K, reserved 1048576K
}
Event: 443.567 GC heap before
{Heap before GC invocations=20 (full 3):
 PSYoungGen      total 347648K, used 347198K [0x00000000e0000000, 0x00000000f7700000, 0x0000000100000000)
  eden space 332288K, 100% used [0x00000000e0000000,0x00000000f4480000,0x00000000f4480000)
  from space 15360K, 97% used [0x00000000f6800000,0x00000000f768f830,0x00000000f7700000)
  to   space 25088K, 0% used [0x00000000f4600000,0x00000000f4600000,0x00000000f5e80000)
 ParOldGen       total 190464K, used 32401K [0x00000000a0000000, 0x00000000aba00000, 0x00000000e0000000)
  object space 190464K, 17% used [0x00000000a0000000,0x00000000a1fa44a0,0x00000000aba00000)
 Metaspace       used 66398K, capacity 68914K, committed 69144K, reserved 1110016K
  class space    used 8537K, capacity 9198K, committed 9240K, reserved 1048576K
Event: 443.588 GC heap after
Heap after GC invocations=20 (full 3):
 PSYoungGen      total 358912K, used 16790K [0x00000000e0000000, 0x00000000f9a00000, 0x0000000100000000)
  eden space 333824K, 0% used [0x00000000e0000000,0x00000000e0000000,0x00000000f4600000)
  from space 25088K, 66% used [0x00000000f4600000,0x00000000f56659a0,0x00000000f5e80000)
  to   space 25600K, 0% used [0x00000000f8100000,0x00000000f8100000,0x00000000f9a00000)
 ParOldGen       total 190464K, used 32409K [0x00000000a0000000, 0x00000000aba00000, 0x00000000e0000000)
  object space 190464K, 17% used [0x00000000a0000000,0x00000000a1fa64a0,0x00000000aba00000)
 Metaspace       used 66398K, capacity 68914K, committed 69144K, reserved 1110016K
  class space    used 8537K, capacity 9198K, committed 9240K, reserved 1048576K
}

